<?xml version="1.0" encoding="UTF-8"?>
<!-- Generated by org.testng.reporters.JUnitReportReporter -->
<testsuite hostname="EICPL02L232" failures="0" tests="1" name="com.Credor.qa.testcases.LoginTestScript" time="35.841" errors="0" timestamp="2022-07-26T13:10:07 IST" skipped="0">
  <testcase classname="com.Credor.qa.testcases.LoginTestScript" name="logintest" time="35.841"/>
  <system-out/>
</testsuite> <!-- com.Credor.qa.testcases.LoginTestScript -->
